ranks, nx, ny, nz, num_iter, time, num_streams
###1, 128, 128, 8, 32, 0.00198136, 1
###1, 128, 128, 8, 32, 0.00185453, 2
###1, 128, 128, 8, 32, 0.0018201, 4
###1, 128, 128, 8, 32, 0.00199945, 8
###1, 128, 128, 8, 32, 0.00244655, 16
###1, 128, 128, 8, 32, 0.003268, 32
###1, 128, 128, 8, 32, 0.00500968, 64
###1, 128, 128, 8, 32, 0.00840088, 128
###1, 128, 128, 8, 32, 0.0152885, 256
###1, 128, 128, 8, 64, 0.0035292, 1
###1, 128, 128, 8, 64, 0.00335978, 2
###1, 128, 128, 8, 64, 0.00324241, 4
###1, 128, 128, 8, 64, 0.00313164, 8
###1, 128, 128, 8, 64, 0.00470562, 16
###1, 128, 128, 8, 64, 0.00611105, 32
###1, 128, 128, 8, 64, 0.00930548, 64
###1, 128, 128, 8, 64, 0.0156038, 128
###1, 128, 128, 8, 64, 0.0284365, 256
###1, 128, 128, 8, 128, 0.00680382, 1
###1, 128, 128, 8, 128, 0.00635644, 2
###1, 128, 128, 8, 128, 0.00621103, 4
###1, 128, 128, 8, 128, 0.0068293, 8
###1, 128, 128, 8, 128, 0.00934763, 16
###1, 128, 128, 8, 128, 0.011567, 32
###1, 128, 128, 8, 128, 0.017727, 64
###1, 128, 128, 8, 128, 0.0300423, 128
###1, 128, 128, 8, 128, 0.0543466, 256
###1, 128, 128, 8, 256, 0.0130753, 1
###1, 128, 128, 8, 256, 0.0122918, 2
###1, 128, 128, 8, 256, 0.0119108, 4
###1, 128, 128, 8, 256, 0.01313, 8
###1, 128, 128, 8, 256, 0.0163661, 16
###1, 128, 128, 8, 256, 0.0223873, 32
###1, 128, 128, 8, 256, 0.0342911, 64
###1, 128, 128, 8, 256, 0.0584846, 128
###1, 128, 128, 8, 256, 0.107384, 256
###1, 128, 128, 8, 512, 0.0256543, 1
###1, 128, 128, 8, 512, 0.0240691, 2
###1, 128, 128, 8, 512, 0.0234153, 4
###1, 128, 128, 8, 512, 0.025886, 8
###1, 128, 128, 8, 512, 0.031967, 16
###1, 128, 128, 8, 512, 0.044339, 32
###1, 128, 128, 8, 512, 0.0685109, 64
###1, 128, 128, 8, 512, 0.116524, 128
###1, 128, 128, 8, 512, 0.212901, 256
###1, 128, 128, 8, 1024, 0.0509606, 1
###1, 128, 128, 8, 1024, 0.047693, 2
###1, 128, 128, 8, 1024, 0.0463231, 4
###1, 128, 128, 8, 1024, 0.0510916, 8
###1, 128, 128, 8, 1024, 0.0634977, 16
###1, 128, 128, 8, 1024, 0.0880094, 32
###1, 128, 128, 8, 1024, 0.134271, 64
###1, 128, 128, 8, 1024, 0.229894, 128
###1, 128, 128, 8, 1024, 0.423515, 256
###1, 128, 128, 16, 32, 0.00280345, 1
###1, 128, 128, 16, 32, 0.00257765, 2
###1, 128, 128, 16, 32, 0.00247128, 4
###1, 128, 128, 16, 32, 0.00257533, 8
###1, 128, 128, 16, 32, 0.00314656, 16
###1, 128, 128, 16, 32, 0.00407365, 32
###1, 128, 128, 16, 32, 0.00568264, 64
###1, 128, 128, 16, 32, 0.00909424, 128
###1, 128, 128, 16, 32, 0.0160589, 256
###1, 128, 128, 16, 64, 0.00526227, 1
###1, 128, 128, 16, 64, 0.00465849, 2
###1, 128, 128, 16, 64, 0.00441239, 4
###1, 128, 128, 16, 64, 0.00463985, 8
###1, 128, 128, 16, 64, 0.00568017, 16
###1, 128, 128, 16, 64, 0.00724972, 32
###1, 128, 128, 16, 64, 0.0104661, 64
###1, 128, 128, 16, 64, 0.0168285, 128
###1, 128, 128, 16, 64, 0.0296337, 256
###1, 128, 128, 16, 128, 0.0100226, 1
###1, 128, 128, 16, 128, 0.00883682, 2
###1, 128, 128, 16, 128, 0.00823376, 4
###1, 128, 128, 16, 128, 0.0086811, 8
###1, 128, 128, 16, 128, 0.0107356, 16
###1, 128, 128, 16, 128, 0.0138466, 32
###1, 128, 128, 16, 128, 0.0200824, 64
###1, 128, 128, 16, 128, 0.0324575, 128
###1, 128, 128, 16, 128, 0.0566555, 256
###1, 128, 128, 16, 256, 0.0195313, 1
###1, 128, 128, 16, 256, 0.0170502, 2
###1, 128, 128, 16, 256, 0.0160195, 4
###1, 128, 128, 16, 256, 0.0169072, 8
###1, 128, 128, 16, 256, 0.0208649, 16
###1, 128, 128, 16, 256, 0.0268737, 32
###1, 128, 128, 16, 256, 0.0391073, 64
###1, 128, 128, 16, 256, 0.0634574, 128
###1, 128, 128, 16, 256, 0.0905699, 256
###1, 128, 128, 16, 512, 0.038549, 1
###1, 128, 128, 16, 512, 0.0341058, 2
###1, 128, 128, 16, 512, 0.0318073, 4
###1, 128, 128, 16, 512, 0.0331691, 8
###1, 128, 128, 16, 512, 0.0412738, 16
###1, 128, 128, 16, 512, 0.0527767, 32
###1, 128, 128, 16, 512, 0.0776892, 64
###1, 128, 128, 16, 512, 0.124796, 128
###1, 128, 128, 16, 512, 0.222196, 256
###1, 128, 128, 16, 1024, 0.0742876, 1
###1, 128, 128, 16, 1024, 0.0671563, 2
###1, 128, 128, 16, 1024, 0.0632375, 4
###1, 128, 128, 16, 1024, 0.0660881, 8
###1, 128, 128, 16, 1024, 0.0818602, 16
###1, 128, 128, 16, 1024, 0.106145, 32
###1, 128, 128, 16, 1024, 0.153999, 64
###1, 128, 128, 16, 1024, 0.247635, 128
###1, 128, 128, 16, 1024, 0.44164, 256
###1, 128, 128, 32, 32, 0.00451272, 1
###1, 128, 128, 32, 32, 0.00393784, 2
###1, 128, 128, 32, 32, 0.00388495, 4
###1, 128, 128, 32, 32, 0.00363907, 8
###1, 128, 128, 32, 32, 0.00419322, 16
###1, 128, 128, 32, 32, 0.005222, 32
###1, 128, 128, 32, 32, 0.00700935, 64
###1, 128, 128, 32, 32, 0.0102879, 128
###1, 128, 128, 32, 32, 0.0173239, 256
###1, 128, 128, 32, 64, 0.00846008, 1
###1, 128, 128, 32, 64, 0.00721186, 2
###1, 128, 128, 32, 64, 0.00666536, 4
###1, 128, 128, 32, 64, 0.0065805, 8
###1, 128, 128, 32, 64, 0.00764709, 16
###1, 128, 128, 32, 64, 0.00949643, 32
###1, 128, 128, 32, 64, 0.0127587, 64
###1, 128, 128, 32, 64, 0.0191138, 128
###1, 128, 128, 32, 64, 0.0317699, 256
###1, 128, 128, 32, 128, 0.0158181, 1
###1, 128, 128, 32, 128, 0.0138354, 2
###1, 128, 128, 32, 128, 0.0126006, 4
###1, 128, 128, 32, 128, 0.0124025, 8
###1, 128, 128, 32, 128, 0.0147129, 16
###1, 128, 128, 32, 128, 0.0181153, 32
###1, 128, 128, 32, 128, 0.0244973, 64
###1, 128, 128, 32, 128, 0.0369215, 128
###1, 128, 128, 32, 128, 0.0610801, 256
###1, 128, 128, 32, 256, 0.0319801, 1
###1, 128, 128, 32, 256, 0.0270208, 2
###1, 128, 128, 32, 256, 0.0247637, 4
###1, 128, 128, 32, 256, 0.0241558, 8
###1, 128, 128, 32, 256, 0.0285442, 16
###1, 128, 128, 32, 256, 0.0352468, 32
###1, 128, 128, 32, 256, 0.0478146, 64
###1, 128, 128, 32, 256, 0.071742, 128
###1, 128, 128, 32, 256, 0.121465, 256
###1, 128, 128, 32, 512, 0.0613796, 1
###1, 128, 128, 32, 512, 0.0534992, 2
###1, 128, 128, 32, 512, 0.0482326, 4
###1, 128, 128, 32, 512, 0.047496, 8
###1, 128, 128, 32, 512, 0.0559224, 16
###1, 128, 128, 32, 512, 0.069755, 32
###1, 128, 128, 32, 512, 0.0944689, 64
###1, 128, 128, 32, 512, 0.142043, 128
###1, 128, 128, 32, 512, 0.240782, 256
###1, 128, 128, 32, 1024, 0.12555, 1
###1, 128, 128, 32, 1024, 0.10593, 2
###1, 128, 128, 32, 1024, 0.0971295, 4
###1, 128, 128, 32, 1024, 0.0929481, 8
###1, 128, 128, 32, 1024, 0.11262, 16
###1, 128, 128, 32, 1024, 0.139145, 32
###1, 128, 128, 32, 1024, 0.185011, 64
###1, 128, 128, 32, 1024, 0.281969, 128
###1, 128, 128, 32, 1024, 0.474827, 256
###1, 128, 128, 64, 32, 0.00756279, 1
###1, 128, 128, 64, 32, 0.00648785, 2
###1, 128, 128, 64, 32, 0.00591831, 4
###1, 128, 128, 64, 32, 0.00568767, 8
###1, 128, 128, 64, 32, 0.00612635, 16
###1, 128, 128, 64, 32, 0.00722066, 32
###1, 128, 128, 64, 32, 0.00922943, 64
###1, 128, 128, 64, 32, 0.0126427, 128
###1, 128, 128, 64, 32, 0.0194249, 256
###1, 128, 128, 64, 64, 0.0143197, 1
###1, 128, 128, 64, 64, 0.012335, 2
###1, 128, 128, 64, 64, 0.0112235, 4
###1, 128, 128, 64, 64, 0.0105824, 8
###1, 128, 128, 64, 64, 0.0114164, 16
###1, 128, 128, 64, 64, 0.0133521, 32
###1, 128, 128, 64, 64, 0.0171775, 64
###1, 128, 128, 64, 64, 0.023604, 128
###1, 128, 128, 64, 64, 0.0365574, 256
###1, 128, 128, 64, 128, 0.0286479, 1
###1, 128, 128, 64, 128, 0.0238652, 2
###1, 128, 128, 64, 128, 0.0212559, 4
###1, 128, 128, 64, 128, 0.0200719, 8
###1, 128, 128, 64, 128, 0.0218875, 16
###1, 128, 128, 64, 128, 0.0256603, 32
###1, 128, 128, 64, 128, 0.0329588, 64
###1, 128, 128, 64, 128, 0.0453648, 128
###1, 128, 128, 64, 128, 0.0696504, 256
###1, 128, 128, 64, 256, 0.0565361, 1
###1, 128, 128, 64, 256, 0.0462641, 2
###1, 128, 128, 64, 256, 0.0414052, 4
###1, 128, 128, 64, 256, 0.0391646, 8
###1, 128, 128, 64, 256, 0.0429771, 16
###1, 128, 128, 64, 256, 0.050804, 32
###1, 128, 128, 64, 256, 0.0647684, 64
###1, 128, 128, 64, 256, 0.0885894, 128
###1, 128, 128, 64, 256, 0.138516, 256
###1, 128, 128, 64, 512, 0.112513, 1
###1, 128, 128, 64, 512, 0.0928808, 2
###1, 128, 128, 64, 512, 0.071438, 4
###1, 128, 128, 64, 512, 0.0774312, 8
###1, 128, 128, 64, 512, 0.0843402, 16
###1, 128, 128, 64, 512, 0.0995018, 32
###1, 128, 128, 64, 512, 0.127831, 64
###1, 128, 128, 64, 512, 0.177078, 128
###1, 128, 128, 64, 512, 0.270769, 256
###1, 128, 128, 64, 1024, 0.216855, 1
###1, 128, 128, 64, 1024, 0.184043, 2
###1, 128, 128, 64, 1024, 0.163862, 4
###1, 128, 128, 64, 1024, 0.153755, 8
###1, 128, 128, 64, 1024, 0.16762, 16
###1, 128, 128, 64, 1024, 0.198286, 32
###1, 128, 128, 64, 1024, 0.253109, 64
###1, 128, 128, 64, 1024, 0.349918, 128
###1, 128, 128, 64, 1024, 0.539557, 256
###1, 128, 128, 128, 32, 0.0155436, 1
###1, 128, 128, 128, 32, 0.0126919, 2
###1, 128, 128, 128, 32, 0.0112531, 4
###1, 128, 128, 128, 32, 0.0104298, 8
###1, 128, 128, 128, 32, 0.0103903, 16
###1, 128, 128, 128, 32, 0.0114211, 32
###1, 128, 128, 128, 32, 0.0135032, 64
###1, 128, 128, 128, 32, 0.0174826, 128
###1, 128, 128, 128, 32, 0.0244433, 256
###1, 128, 128, 128, 64, 0.0288761, 1
###1, 128, 128, 128, 64, 0.0239972, 2
###1, 128, 128, 128, 64, 0.0210051, 4
###1, 128, 128, 128, 64, 0.019328, 8
###1, 128, 128, 128, 64, 0.0191263, 16
###1, 128, 128, 128, 64, 0.0213672, 32
###1, 128, 128, 128, 64, 0.0251399, 64
###1, 128, 128, 128, 64, 0.0331325, 128
###1, 128, 128, 128, 64, 0.0458129, 256
###1, 128, 128, 128, 128, 0.0566525, 1
###1, 128, 128, 128, 128, 0.0467042, 2
###1, 128, 128, 128, 128, 0.0405973, 4
###1, 128, 128, 128, 128, 0.0378033, 8
###1, 128, 128, 128, 128, 0.0371841, 16
###1, 128, 128, 128, 128, 0.0400528, 32
###1, 128, 128, 128, 128, 0.0490013, 64
###1, 128, 128, 128, 128, 0.0638023, 128
###1, 128, 128, 128, 128, 0.0879394, 256
###1, 128, 128, 128, 256, 0.115061, 1
###1, 128, 128, 128, 256, 0.0917492, 2
###1, 128, 128, 128, 256, 0.0802436, 4
###1, 128, 128, 128, 256, 0.0745615, 8
###1, 128, 128, 128, 256, 0.0725155, 16
###1, 128, 128, 128, 256, 0.0792104, 32
###1, 128, 128, 128, 256, 0.0961225, 64
###1, 128, 128, 128, 256, 0.124714, 128
###1, 128, 128, 128, 256, 0.173193, 256
###1, 128, 128, 128, 512, 0.222685, 1
###1, 128, 128, 128, 512, 0.181906, 2
###1, 128, 128, 128, 512, 0.158251, 4
###1, 128, 128, 128, 512, 0.147982, 8
###1, 128, 128, 128, 512, 0.14381, 16
###1, 128, 128, 128, 512, 0.157175, 32
###1, 128, 128, 128, 512, 0.186864, 64
###1, 128, 128, 128, 512, 0.246141, 128
###1, 128, 128, 128, 512, 0.341208, 256
###1, 128, 128, 128, 1024, 0.443064, 1
###1, 128, 128, 128, 1024, 0.361879, 2
###1, 128, 128, 128, 1024, 0.31727, 4
###1, 128, 128, 128, 1024, 0.290711, 8
###1, 128, 128, 128, 1024, 0.287323, 16
###1, 128, 128, 128, 1024, 0.310165, 32
###1, 128, 128, 128, 1024, 0.372371, 64
###1, 128, 128, 128, 1024, 0.485055, 128
###1, 128, 128, 128, 1024, 0.680627, 256
###1, 128, 128, 256, 32, 0.0302368, 1
###1, 128, 128, 256, 32, 0.0251474, 2
###1, 128, 128, 256, 32, 0.0218149, 4
###1, 128, 128, 256, 32, 0.0203347, 8
###1, 128, 128, 256, 32, 0.0196956, 16
###1, 128, 128, 256, 32, 0.0204862, 32
###1, 128, 128, 256, 32, 0.0221921, 64
###1, 128, 128, 256, 32, 0.0267662, 128
###1, 128, 128, 256, 32, 0.0348041, 256
###1, 128, 128, 256, 64, 0.0576142, 1
###1, 128, 128, 256, 64, 0.047296, 2
###1, 128, 128, 256, 64, 0.0408866, 4
###1, 128, 128, 256, 64, 0.0380444, 8
###1, 128, 128, 256, 64, 0.0362309, 16
###1, 128, 128, 256, 64, 0.0376061, 32
###1, 128, 128, 256, 64, 0.0413869, 64
###1, 128, 128, 256, 64, 0.0495493, 128
###1, 128, 128, 256, 64, 0.064855, 256
###1, 128, 128, 256, 128, 0.116455, 1
###1, 128, 128, 256, 128, 0.0919695, 2
###1, 128, 128, 256, 128, 0.0802374, 4
###1, 128, 128, 256, 128, 0.073636, 8
###1, 128, 128, 256, 128, 0.069879, 16
###1, 128, 128, 256, 128, 0.0719575, 32
###1, 128, 128, 256, 128, 0.0782256, 64
###1, 128, 128, 256, 128, 0.0955745, 128
###1, 128, 128, 256, 128, 0.125586, 256
###1, 128, 128, 256, 256, 0.230202, 1
###1, 128, 128, 256, 256, 0.180863, 2
###1, 128, 128, 256, 256, 0.155292, 4
###1, 128, 128, 256, 256, 0.144055, 8
###1, 128, 128, 256, 256, 0.137309, 16
###1, 128, 128, 256, 256, 0.140404, 32
###1, 128, 128, 256, 256, 0.154447, 64
###1, 128, 128, 256, 256, 0.186127, 128
###1, 128, 128, 256, 256, 0.246173, 256
###1, 128, 128, 256, 512, 0.441623, 1
###1, 128, 128, 256, 512, 0.359006, 2
###1, 128, 128, 256, 512, 0.313527, 4
###1, 128, 128, 256, 512, 0.281547, 8
###1, 128, 128, 256, 512, 0.273273, 16
###1, 128, 128, 256, 512, 0.281355, 32
###1, 128, 128, 256, 512, 0.30675, 64
###1, 128, 128, 256, 512, 0.365804, 128
###1, 128, 128, 256, 512, 0.483154, 256
###1, 128, 128, 256, 1024, 0.881425, 1
###1, 128, 128, 256, 1024, 0.717216, 2
###1, 128, 128, 256, 1024, 0.609595, 4
###1, 128, 128, 256, 1024, 0.569612, 8
###1, 128, 128, 256, 1024, 0.542869, 16
###1, 128, 128, 256, 1024, 0.548395, 32
###1, 128, 128, 256, 1024, 0.610771, 64
###1, 128, 128, 256, 1024, 0.729914, 128
###1, 128, 128, 256, 1024, 0.967061, 256
###1, 128, 128, 512, 32, 0.0592543, 1
###1, 128, 128, 512, 32, 0.0486681, 2
###1, 128, 128, 512, 32, 0.0427678, 4
###1, 128, 128, 512, 32, 0.0391091, 8
###1, 128, 128, 512, 32, 0.0375893, 16
###1, 128, 128, 512, 32, 0.0370912, 32
###1, 128, 128, 512, 32, 0.0391095, 64
###1, 128, 128, 512, 32, 0.0444899, 128
###1, 128, 128, 512, 32, 0.0525651, 256
###1, 128, 128, 512, 64, 0.113002, 1
###1, 128, 128, 512, 64, 0.0919384, 2
###1, 128, 128, 512, 64, 0.0804315, 4
###1, 128, 128, 512, 64, 0.0733659, 8
###1, 128, 128, 512, 64, 0.0698605, 16
###1, 128, 128, 512, 64, 0.0686308, 32
###1, 128, 128, 512, 64, 0.0733253, 64
###1, 128, 128, 512, 64, 0.0804548, 128
###1, 128, 128, 512, 64, 0.0976445, 256
###1, 128, 128, 512, 128, 0.229524, 1
###1, 128, 128, 512, 128, 0.178975, 2
###1, 128, 128, 512, 128, 0.153811, 4
###1, 128, 128, 512, 128, 0.14146, 8
###1, 128, 128, 512, 128, 0.135042, 16
###1, 128, 128, 512, 128, 0.132794, 32
###1, 128, 128, 512, 128, 0.141573, 64
###1, 128, 128, 512, 128, 0.154524, 128
###1, 128, 128, 512, 128, 0.186813, 256
###1, 128, 128, 512, 256, 0.453014, 1
###1, 128, 128, 512, 256, 0.353209, 2
###1, 128, 128, 512, 256, 0.302421, 4
###1, 128, 128, 512, 256, 0.277687, 8
###1, 128, 128, 512, 256, 0.263458, 16
###1, 128, 128, 512, 256, 0.26095, 32
###1, 128, 128, 512, 256, 0.277142, 64
###1, 128, 128, 512, 256, 0.303878, 128
###1, 128, 128, 512, 256, 0.365725, 256
###1, 128, 128, 512, 512, 0.867214, 1
###1, 128, 128, 512, 512, 0.703672, 2
###1, 128, 128, 512, 512, 0.599091, 4
###1, 128, 128, 512, 512, 0.54996, 8
###1, 128, 128, 512, 512, 0.521231, 16
###1, 128, 128, 512, 512, 0.513426, 32
###1, 128, 128, 512, 512, 0.539117, 64
###1, 128, 128, 512, 512, 0.605109, 128
###1, 128, 128, 512, 512, 0.716895, 256
###1, 128, 128, 512, 1024, 1.80031, 1
###1, 128, 128, 512, 1024, 1.39658, 2
###1, 128, 128, 512, 1024, 1.19143, 4
###1, 128, 128, 512, 1024, 1.1064, 8
###1, 128, 128, 512, 1024, 1.04908, 16
###1, 128, 128, 512, 1024, 1.02979, 32
###1, 128, 128, 512, 1024, 1.09617, 64
###1, 128, 128, 512, 1024, 1.20968, 128
###1, 128, 128, 512, 1024, 1.42719, 256
###1, 128, 128, 1024, 32, 0.122262, 1
###1, 128, 128, 1024, 32, 0.0966002, 2
###1, 128, 128, 1024, 32, 0.0851656, 4
###1, 128, 128, 1024, 32, 0.0789874, 8
###1, 128, 128, 1024, 32, 0.0746706, 16
###1, 128, 128, 1024, 32, 0.0728142, 32
###1, 128, 128, 1024, 32, 0.0743242, 64
###1, 128, 128, 1024, 32, 0.0792929, 128
###1, 128, 128, 1024, 32, 0.0876625, 256
###1, 128, 128, 1024, 64, 0.233012, 1
###1, 128, 128, 1024, 64, 0.182091, 2
###1, 128, 128, 1024, 64, 0.156542, 4
###1, 128, 128, 1024, 64, 0.146748, 8
###1, 128, 128, 1024, 64, 0.13796, 16
###1, 128, 128, 1024, 64, 0.133687, 32
###1, 128, 128, 1024, 64, 0.137525, 64
###1, 128, 128, 1024, 64, 0.148413, 128
###1, 128, 128, 1024, 64, 0.163758, 256
###1, 128, 128, 1024, 128, 0.455381, 1
###1, 128, 128, 1024, 128, 0.352749, 2
###1, 128, 128, 1024, 128, 0.302573, 4
###1, 128, 128, 1024, 128, 0.279294, 8
###1, 128, 128, 1024, 128, 0.264214, 16
###1, 128, 128, 1024, 128, 0.257159, 32
###1, 128, 128, 1024, 128, 0.266196, 64
###1, 128, 128, 1024, 128, 0.28471, 128
###1, 128, 128, 1024, 128, 0.31382, 256
###1, 128, 128, 1024, 256, 0.90239, 1
###1, 128, 128, 1024, 256, 0.698072, 2
###1, 128, 128, 1024, 256, 0.592716, 4
###1, 128, 128, 1024, 256, 0.547635, 8
###1, 128, 128, 1024, 256, 0.518169, 16
###1, 128, 128, 1024, 256, 0.499849, 32
###1, 128, 128, 1024, 256, 0.522003, 64
###1, 128, 128, 1024, 256, 0.559516, 128
###1, 128, 128, 1024, 256, 0.619072, 256
###1, 128, 128, 1024, 512, 1.72087, 1
###1, 128, 128, 1024, 512, 1.37348, 2
###1, 128, 128, 1024, 512, 1.19901, 4
###1, 128, 128, 1024, 512, 1.08802, 8
###1, 128, 128, 1024, 512, 1.02492, 16
###1, 128, 128, 1024, 512, 0.989479, 32
###1, 128, 128, 1024, 512, 1.02323, 64
###1, 128, 128, 1024, 512, 1.10105, 128
###1, 128, 128, 1024, 512, 1.22485, 256
###1, 128, 128, 1024, 1024, 3.57011, 1
###1, 128, 128, 1024, 1024, 2.75217, 2
###1, 128, 128, 1024, 1024, 2.38536, 4
###1, 128, 128, 1024, 1024, 2.15082, 8
###1, 128, 128, 1024, 1024, 2.05182, 16
###1, 128, 128, 1024, 1024, 1.97276, 32
###1, 128, 128, 1024, 1024, 2.03894, 64
###1, 128, 128, 1024, 1024, 2.19403, 128
###1, 128, 128, 1024, 1024, 2.4266, 256
###1, 128, 128, 2048, 32, 0.243975, 1
###1, 128, 128, 2048, 32, 0.191333, 2
###1, 128, 128, 2048, 32, 0.16647, 4
###1, 128, 128, 2048, 32, 0.154256, 8
###1, 128, 128, 2048, 32, 0.148419, 16
###1, 128, 128, 2048, 32, 0.143227, 32
###1, 128, 128, 2048, 32, 0.141201, 64
###1, 128, 128, 2048, 32, 0.149144, 128
###1, 128, 128, 2048, 32, 0.158092, 256
###1, 128, 128, 2048, 64, 0.448134, 1
###1, 128, 128, 2048, 64, 0.361827, 2
###1, 128, 128, 2048, 64, 0.316201, 4
###1, 128, 128, 2048, 64, 0.287037, 8
###1, 128, 128, 2048, 64, 0.272899, 16
###1, 128, 128, 2048, 64, 0.265257, 32
###1, 128, 128, 2048, 64, 0.263362, 64
###1, 128, 128, 2048, 64, 0.275926, 128
###1, 128, 128, 2048, 64, 0.295297, 256
###1, 128, 128, 2048, 128, 0.875118, 1
###1, 128, 128, 2048, 128, 0.702966, 2
###1, 128, 128, 2048, 128, 0.610346, 4
###1, 128, 128, 2048, 128, 0.55073, 8
###1, 128, 128, 2048, 128, 0.524624, 16
###1, 128, 128, 2048, 128, 0.503502, 32
###1, 128, 128, 2048, 128, 0.500995, 64
###1, 128, 128, 2048, 128, 0.527655, 128
###1, 128, 128, 2048, 128, 0.569547, 256
###1, 128, 128, 2048, 256, 1.79495, 1
###1, 128, 128, 2048, 256, 1.38515, 2
###1, 128, 128, 2048, 256, 1.17783, 4
###1, 128, 128, 2048, 256, 1.08036, 8
###1, 128, 128, 2048, 256, 1.0297, 16
###1, 128, 128, 2048, 256, 0.992525, 32
###1, 128, 128, 2048, 256, 0.987697, 64
###1, 128, 128, 2048, 256, 1.04185, 128
###1, 128, 128, 2048, 256, 1.097, 256
###1, 128, 128, 2048, 512, 3.43853, 1
###1, 128, 128, 2048, 512, 2.73938, 2
###1, 128, 128, 2048, 512, 2.37397, 4
###1, 128, 128, 2048, 512, 2.18547, 8
###1, 128, 128, 2048, 512, 2.03785, 16
###1, 128, 128, 2048, 512, 1.94053, 32
###1, 128, 128, 2048, 512, 1.94, 64
###1, 128, 128, 2048, 512, 2.05155, 128
###1, 128, 128, 2048, 512, 2.21785, 256
###1, 128, 128, 2048, 1024, 7.1038, 1
###1, 128, 128, 2048, 1024, 5.45808, 2
###1, 128, 128, 2048, 1024, 4.72804, 4
###1, 128, 128, 2048, 1024, 4.33383, 8
###1, 128, 128, 2048, 1024, 4.07121, 16
###1, 128, 128, 2048, 1024, 3.9105, 32
###1, 128, 128, 2048, 1024, 3.86167, 64
###1, 128, 128, 2048, 1024, 4.11338, 128
###1, 128, 128, 2048, 1024, 4.31706, 256
###1, 128, 128, 4096, 32, 0.480057, 1
###1, 128, 128, 4096, 32, 0.376939, 2
###1, 128, 128, 4096, 32, 0.323367, 4
###1, 128, 128, 4096, 32, 0.300861, 8
###1, 128, 128, 4096, 32, 0.288709, 16
###1, 128, 128, 4096, 32, 0.278289, 32
###1, 128, 128, 4096, 32, 0.273476, 64
###1, 128, 128, 4096, 32, 0.277304, 128
###1, 128, 128, 4096, 32, 0.292817, 256
###1, 128, 128, 4096, 64, 0.923816, 1
###1, 128, 128, 4096, 64, 0.718934, 2
###1, 128, 128, 4096, 64, 0.622333, 4
###1, 128, 128, 4096, 64, 0.56444, 8
###1, 128, 128, 4096, 64, 0.53727, 16
###1, 128, 128, 4096, 64, 0.520719, 32
###1, 128, 128, 4096, 64, 0.516733, 64
###1, 128, 128, 4096, 64, 0.518468, 128
###1, 128, 128, 4096, 64, 0.549881, 256
###1, 128, 128, 4096, 128, 1.80595, 1
###1, 128, 128, 4096, 128, 1.3983, 2
###1, 128, 128, 4096, 128, 1.20464, 4
###1, 128, 128, 4096, 128, 1.08972, 8
###1, 128, 128, 4096, 128, 1.04137, 16
###1, 128, 128, 4096, 128, 1.00571, 32
###1, 128, 128, 4096, 128, 0.980321, 64
###1, 128, 128, 4096, 128, 0.998681, 128
###1, 128, 128, 4096, 128, 1.04377, 256
###1, 128, 128, 4096, 256, 3.43492, 1
###1, 128, 128, 4096, 256, 2.75168, 2
###1, 128, 128, 4096, 256, 2.32373, 4
###1, 128, 128, 4096, 256, 2.13814, 8
###1, 128, 128, 4096, 256, 2.02715, 16
###1, 128, 128, 4096, 256, 1.96278, 32
###1, 128, 128, 4096, 256, 1.93444, 64
###1, 128, 128, 4096, 256, 1.94965, 128
###1, 128, 128, 4096, 256, 2.07722, 256
###1, 128, 128, 4096, 512, 7.10642, 1
###1, 128, 128, 4096, 512, 5.47368, 2
###1, 128, 128, 4096, 512, 4.71492, 4
###1, 128, 128, 4096, 512, 4.31469, 8
###1, 128, 128, 4096, 512, 4.05138, 16
###1, 128, 128, 4096, 512, 3.85026, 32
###1, 128, 128, 4096, 512, 3.81679, 64
###1, 128, 128, 4096, 512, 3.87194, 128
###1, 128, 128, 4096, 512, 4.07005, 256
###1, 128, 128, 4096, 1024, 14.1757, 1
###1, 128, 128, 4096, 1024, 10.9176, 2
###1, 128, 128, 4096, 1024, 9.19232, 4
###1, 128, 128, 4096, 1024, 8.58279, 8
###1, 128, 128, 4096, 1024, 8.07534, 16
###1, 128, 128, 4096, 1024, 7.75091, 32
###1, 128, 128, 4096, 1024, 7.66015, 64
###1, 128, 128, 4096, 1024, 7.7643, 128
###1, 128, 128, 4096, 1024, 8.22137, 256
###1, 128, 128, 8192, 32, 0.921289, 1
###1, 128, 128, 8192, 32, 0.845485, 2
###1, 128, 128, 8192, 32, 0.651187, 4
###1, 128, 128, 8192, 32, 0.608352, 8
###1, 128, 128, 8192, 32, 0.568277, 16
###1, 128, 128, 8192, 32, 0.545688, 32
###1, 128, 128, 8192, 32, 0.539665, 64
###1, 128, 128, 8192, 32, 0.542176, 128
###1, 128, 128, 8192, 32, 0.555702, 256
###1, 128, 128, 8192, 64, 1.76534, 1
###1, 128, 128, 8192, 64, 1.61846, 2
###1, 128, 128, 8192, 64, 1.23036, 4
###1, 128, 128, 8192, 64, 1.12351, 8
###1, 128, 128, 8192, 64, 1.06748, 16
###1, 128, 128, 8192, 64, 1.0334, 32
###1, 128, 128, 8192, 64, 0.998928, 64
###1, 128, 128, 8192, 64, 1.00263, 128
###1, 128, 128, 8192, 64, 1.02966, 256
###1, 128, 128, 8192, 128, 3.46189, 1
###1, 128, 128, 8192, 128, 3.14776, 2
###1, 128, 128, 8192, 128, 2.37922, 4
###1, 128, 128, 8192, 128, 2.20511, 8
###1, 128, 128, 8192, 128, 2.05091, 16
###1, 128, 128, 8192, 128, 1.99176, 32
###1, 128, 128, 8192, 128, 1.94013, 64
###1, 128, 128, 8192, 128, 1.94882, 128
###1, 128, 128, 8192, 128, 1.99017, 256
###1, 128, 128, 8192, 256, 7.14684, 1
###1, 128, 128, 8192, 256, 6.24708, 2
###1, 128, 128, 8192, 256, 4.81469, 4
###1, 128, 128, 8192, 256, 4.34114, 8
###1, 128, 128, 8192, 256, 3.98656, 16
###1, 128, 128, 8192, 256, 3.89332, 32
###1, 128, 128, 8192, 256, 3.8179, 64
###1, 128, 128, 8192, 256, 3.82571, 128
###1, 128, 128, 8192, 256, 3.89596, 256
###1, 128, 128, 8192, 512, 14.1568, 1
###1, 128, 128, 8192, 512, 12.4101, 2
###1, 128, 128, 8192, 512, 9.53177, 4
###1, 128, 128, 8192, 512, 8.4465, 8
###1, 128, 128, 8192, 512, 7.98946, 16
###1, 128, 128, 8192, 512, 7.71373, 32
###1, 128, 128, 8192, 512, 7.55074, 64
###1, 128, 128, 8192, 512, 7.50507, 128
###1, 128, 128, 8192, 512, 7.76438, 256
###1, 128, 128, 8192, 1024, 27.1315, 1
###1, 128, 128, 8192, 1024, 24.6983, 2
###1, 128, 128, 8192, 1024, 18.9912, 4
###1, 128, 128, 8192, 1024, 16.805, 8
###1, 128, 128, 8192, 1024, 15.9626, 16
###1, 128, 128, 8192, 1024, 15.4107, 32
###1, 128, 128, 8192, 1024, 15.0288, 64
###1, 128, 128, 8192, 1024, 15.035, 128
###1, 128, 128, 8192, 1024, 15.4026, 256
###1, 128, 128, 16384, 32, 1.91222, 1
###1, 128, 128, 16384, 32, 1.79208, 2
###1, 128, 128, 16384, 32, 1.61202, 4
###1, 128, 128, 16384, 32, 1.23207, 8
###1, 128, 128, 16384, 32, 1.12723, 16
###1, 128, 128, 16384, 32, 1.08875, 32
###1, 128, 128, 16384, 32, 1.07721, 64
###1, 128, 128, 16384, 32, 1.06959, 128
###1, 128, 128, 16384, 32, 1.081, 256
###1, 128, 128, 16384, 64, 3.54326, 1
###1, 128, 128, 16384, 64, 3.4111, 2
###1, 128, 128, 16384, 64, 3.01097, 4
###1, 128, 128, 16384, 64, 2.31775, 8
###1, 128, 128, 16384, 64, 2.12085, 16
###1, 128, 128, 16384, 64, 2.03202, 32
###1, 128, 128, 16384, 64, 2.01519, 64
###1, 128, 128, 16384, 64, 1.98363, 128
###1, 128, 128, 16384, 64, 2.00128, 256
###1, 128, 128, 16384, 128, 7.2079, 1
###1, 128, 128, 16384, 128, 6.69252, 2
###1, 128, 128, 16384, 128, 5.85895, 4
###1, 128, 128, 16384, 128, 4.49248, 8
###1, 128, 128, 16384, 128, 4.06877, 16
###1, 128, 128, 16384, 128, 3.92344, 32
###1, 128, 128, 16384, 128, 3.87729, 64
###1, 128, 128, 16384, 128, 3.83563, 128
###1, 128, 128, 16384, 128, 3.87247, 256
###1, 128, 128, 16384, 256, 14.2345, 1
###1, 128, 128, 16384, 256, 13.2307, 2
###1, 128, 128, 16384, 256, 11.8655, 4
###1, 128, 128, 16384, 256, 8.63296, 8
###1, 128, 128, 16384, 256, 7.98551, 16
###1, 128, 128, 16384, 256, 7.68488, 32
###1, 128, 128, 16384, 256, 7.62286, 64
###1, 128, 128, 16384, 256, 7.52291, 128
###1, 128, 128, 16384, 256, 7.563, 256
###1, 128, 128, 16384, 512, 28.3378, 1
###1, 128, 128, 16384, 512, 26.3977, 2
###1, 128, 128, 16384, 512, 23.0287, 4
###1, 128, 128, 16384, 512, 17.5423, 8
###1, 128, 128, 16384, 512, 15.9338, 16
###1, 128, 128, 16384, 512, 15.2628, 32
###1, 128, 128, 16384, 512, 15.1708, 64
###1, 128, 128, 16384, 512, 14.9152, 128
###1, 128, 128, 16384, 512, 15.011, 256
###1, 128, 128, 16384, 1024, 56.6258, 1
###1, 128, 128, 16384, 1024, 52.499, 2
###1, 128, 128, 16384, 1024, 46.9559, 4
###1, 128, 128, 16384, 1024, 34.1252, 8
###1, 128, 128, 16384, 1024, 31.5236, 16
###1, 128, 128, 16384, 1024, 30.3883, 32
###1, 128, 128, 16384, 1024, 30.2774, 64
###1, 128, 128, 16384, 1024, 29.7327, 128
###1, 128, 128, 16384, 1024, 29.8303, 256
###1, 128, 128, 32768, 32, 3.02276, 1
###1, 128, 128, 32768, 32, 2.99138, 2
###1, 128, 128, 32768, 32, 2.82615, 4
###1, 128, 128, 32768, 32, 2.52837, 8
###1, 128, 128, 32768, 32, 1.94343, 16
###1, 128, 128, 32768, 32, 1.80602, 32
###1, 128, 128, 32768, 32, 1.78367, 64
###1, 128, 128, 32768, 32, 1.79593, 128
###1, 128, 128, 32768, 32, 1.78478, 256
###1, 128, 128, 32768, 64, 5.72541, 1
###1, 128, 128, 32768, 64, 5.68038, 2
###1, 128, 128, 32768, 64, 5.44716, 4
###1, 128, 128, 32768, 64, 4.84966, 8
###1, 128, 128, 32768, 64, 3.63623, 16
###1, 128, 128, 32768, 64, 3.30245, 32
###1, 128, 128, 32768, 64, 3.25995, 64
###1, 128, 128, 32768, 64, 3.28787, 128
###1, 128, 128, 32768, 64, 3.2663, 256
###1, 128, 128, 32768, 128, 11.2135, 1
###1, 128, 128, 32768, 128, 11.0319, 2
###1, 128, 128, 32768, 128, 10.4084, 4
###1, 128, 128, 32768, 128, 9.21615, 8
###1, 128, 128, 32768, 128, 6.99526, 16
###1, 128, 128, 32768, 128, 6.34507, 32
###1, 128, 128, 32768, 128, 6.25686, 64
###1, 128, 128, 32768, 128, 6.25002, 128
###1, 128, 128, 32768, 128, 6.23979, 256
###1, 128, 128, 32768, 256, 22.1016, 1
###1, 128, 128, 32768, 256, 22.0021, 2
###1, 128, 128, 32768, 256, 20.5106, 4
###1, 128, 128, 32768, 256, 18.5079, 8
###1, 128, 128, 32768, 256, 13.3993, 16
###1, 128, 128, 32768, 256, 12.4108, 32
###1, 128, 128, 32768, 256, 12.2198, 64
###1, 128, 128, 32768, 256, 12.2928, 128
###1, 128, 128, 32768, 256, 12.0791, 256
###1, 128, 128, 32768, 512, 43.9795, 1
###1, 128, 128, 32768, 512, 43.7779, 2
###1, 128, 128, 32768, 512, 41.5846, 4
###1, 128, 128, 32768, 512, 35.9587, 8
###1, 128, 128, 32768, 512, 26.4857, 16
###1, 128, 128, 32768, 512, 24.5816, 32
###1, 128, 128, 32768, 512, 24.1005, 64
###1, 128, 128, 32768, 512, 24.1949, 128
###1, 128, 128, 32768, 512, 24.0445, 256
###1, 128, 128, 32768, 1024, 90.8766, 1
###1, 128, 128, 32768, 1024, 86.4289, 2
###1, 128, 128, 32768, 1024, 82.8194, 4
###1, 128, 128, 32768, 1024, 73.1435, 8
###1, 128, 128, 32768, 1024, 52.744, 16
###1, 128, 128, 32768, 1024, 48.7012, 32
###1, 128, 128, 32768, 1024, 47.974, 64
###1, 128, 128, 32768, 1024, 48.1697, 128
###1, 128, 128, 32768, 1024, 47.7302, 256
###1, 128, 128, 65536, 32, 2.66101, 1
###1, 128, 128, 65536, 32, 2.62614, 2
###1, 128, 128, 65536, 32, 2.53025, 4
###1, 128, 128, 65536, 32, 2.38732, 8
###1, 128, 128, 65536, 32, 2.16321, 16
###1, 128, 128, 65536, 32, 1.74174, 32
###1, 128, 128, 65536, 32, 1.62685, 64
###1, 128, 128, 65536, 32, 1.6189, 128
###1, 128, 128, 65536, 32, 1.66729, 256
###1, 128, 128, 65536, 64, 4.86631, 1
###1, 128, 128, 65536, 64, 4.80373, 2
###1, 128, 128, 65536, 64, 4.63876, 4
###1, 128, 128, 65536, 64, 4.33759, 8
###1, 128, 128, 65536, 64, 3.90036, 16
###1, 128, 128, 65536, 64, 3.05464, 32
###1, 128, 128, 65536, 64, 2.82418, 64
###1, 128, 128, 65536, 64, 2.86683, 128
###1, 128, 128, 65536, 64, 2.83156, 256
###1, 128, 128, 65536, 128, 8.99088, 1
###1, 128, 128, 65536, 128, 9.1781, 2
###1, 128, 128, 65536, 128, 8.72355, 4
###1, 128, 128, 65536, 128, 8.45551, 8
###1, 128, 128, 65536, 128, 7.52017, 16
###1, 128, 128, 65536, 128, 5.69615, 32
###1, 128, 128, 65536, 128, 5.22857, 64
###1, 128, 128, 65536, 128, 5.18911, 128
###1, 128, 128, 65536, 128, 5.21435, 256
###1, 128, 128, 65536, 256, 17.5201, 1
###1, 128, 128, 65536, 256, 17.9585, 2
###1, 128, 128, 65536, 256, 17.2715, 4
###1, 128, 128, 65536, 256, 16.4386, 8
###1, 128, 128, 65536, 256, 14.2952, 16
###1, 128, 128, 65536, 256, 10.7974, 32
###1, 128, 128, 65536, 256, 10.0273, 64
###1, 128, 128, 65536, 256, 10.0033, 128
###1, 128, 128, 65536, 256, 10.0993, 256
###1, 128, 128, 65536, 512, 35.6726, 1
###1, 128, 128, 65536, 512, 35.3699, 2
###1, 128, 128, 65536, 512, 34.0546, 4
###1, 128, 128, 65536, 512, 31.6504, 8
###1, 128, 128, 65536, 512, 28.1942, 16
###1, 128, 128, 65536, 512, 21.3911, 32
###1, 128, 128, 65536, 512, 19.5219, 64
###1, 128, 128, 65536, 512, 19.486, 128
###1, 128, 128, 65536, 512, 19.7548, 256
###1, 128, 128, 65536, 1024, 68.5554, 1
###1, 128, 128, 65536, 1024, 67.8302, 2
###1, 128, 128, 65536, 1024, 67.8063, 4
###1, 128, 128, 65536, 1024, 64.4486, 8
###1, 128, 128, 65536, 1024, 55.8774, 16
###1, 128, 128, 65536, 1024, 41.869, 32
###1, 128, 128, 65536, 1024, 38.7081, 64
###1, 128, 128, 65536, 1024, 38.4483, 128
###1, 128, 128, 65536, 1024, 38.9058, 256
