ranks nx ny nz num_iter time num_streams
###1, 128, 128, 8, 32, 0.00179451, 1
###1, 128, 128, 8, 64, 0.00326913, 1
###1, 128, 128, 8, 128, 0.00604367, 1
###1, 128, 128, 8, 256, 0.0118126, 1
###1, 128, 128, 8, 512, 0.0230662, 1
###1, 128, 128, 8, 1024, 0.0460078, 1
###1, 128, 128, 16, 32, 0.00251024, 1
###1, 128, 128, 16, 64, 0.00463189, 1
###1, 128, 128, 16, 128, 0.00919752, 1
###1, 128, 128, 16, 256, 0.0179679, 1
###1, 128, 128, 16, 512, 0.0342964, 1
###1, 128, 128, 16, 1024, 0.0705943, 1
###1, 128, 128, 32, 32, 0.00400266, 1
###1, 128, 128, 32, 64, 0.0078006, 1
###1, 128, 128, 32, 128, 0.0146183, 1
###1, 128, 128, 32, 256, 0.0298141, 1
###1, 128, 128, 32, 512, 0.0591268, 1
###1, 128, 128, 32, 1024, 0.113273, 1
###1, 128, 128, 64, 32, 0.00696627, 1
###1, 128, 128, 64, 64, 0.0133791, 1
###1, 128, 128, 64, 128, 0.0270931, 1
###1, 128, 128, 64, 256, 0.0539248, 1
###1, 128, 128, 64, 512, 0.102282, 1
###1, 128, 128, 64, 1024, 0.211763, 1
###1, 128, 128, 128, 32, 0.014849, 1
###1, 128, 128, 128, 64, 0.0288221, 1
###1, 128, 128, 128, 128, 0.0564119, 1
###1, 128, 128, 128, 256, 0.111864, 1
###1, 128, 128, 128, 512, 0.222267, 1
###1, 128, 128, 128, 1024, 0.442978, 1
###1, 128, 128, 256, 32, 0.0292701, 1
###1, 128, 128, 256, 64, 0.0583528, 1
###1, 128, 128, 256, 128, 0.114323, 1
###1, 128, 128, 256, 256, 0.225214, 1
###1, 128, 128, 256, 512, 0.448937, 1
###1, 128, 128, 256, 1024, 0.89726, 1
###1, 128, 128, 512, 32, 0.0575797, 1
###1, 128, 128, 512, 64, 0.114969, 1
###1, 128, 128, 512, 128, 0.225556, 1
###1, 128, 128, 512, 256, 0.429517, 1
###1, 128, 128, 512, 512, 0.890275, 1
###1, 128, 128, 512, 1024, 1.713, 1
###1, 128, 128, 1024, 32, 0.115217, 1
###1, 128, 128, 1024, 64, 0.221046, 1
###1, 128, 128, 1024, 128, 0.432519, 1
###1, 128, 128, 1024, 256, 0.856089, 1
###1, 128, 128, 1024, 512, 1.76437, 1
###1, 128, 128, 1024, 1024, 3.3929, 1
###1, 128, 128, 2048, 32, 0.229485, 1
###1, 128, 128, 2048, 64, 0.458111, 1
###1, 128, 128, 2048, 128, 0.863391, 1
###1, 128, 128, 2048, 256, 1.70585, 1
###1, 128, 128, 2048, 512, 3.39595, 1
###1, 128, 128, 2048, 1024, 7.03685, 1
###1, 128, 128, 4096, 32, 0.449092, 1
###1, 128, 128, 4096, 64, 0.903386, 1
###1, 128, 128, 4096, 128, 1.78224, 1
###1, 128, 128, 4096, 256, 3.52691, 1
###1, 128, 128, 4096, 512, 7.03744, 1
###1, 128, 128, 4096, 1024, 13.4677, 1
###1, 128, 128, 8192, 32, 0.897217, 1
###1, 128, 128, 8192, 64, 1.80595, 1
###1, 128, 128, 8192, 128, 3.55713, 1
###1, 128, 128, 8192, 256, 6.77148, 1
###1, 128, 128, 8192, 512, 14.0007, 1
###1, 128, 128, 8192, 1024, 28.0084, 1
###1, 128, 128, 16384, 32, 1.78607, 1
###1, 128, 128, 16384, 64, 3.46951, 1
###1, 128, 128, 16384, 128, 6.81742, 1
###1, 128, 128, 16384, 256, 14.0688, 1
###1, 128, 128, 16384, 512, 28.0226, 1
###1, 128, 128, 16384, 1024, 55.9582, 1
###1, 128, 128, 32768, 32, 2.93515, 1
###1, 128, 128, 32768, 64, 5.63521, 1
###1, 128, 128, 32768, 128, 11.4832, 1
###1, 128, 128, 32768, 256, 22.6674, 1
###1, 128, 128, 32768, 512, 45.1533, 1
###1, 128, 128, 32768, 1024, 86.4211, 1
###1, 128, 128, 65536, 32, 2.59375, 1
###1, 128, 128, 65536, 64, 4.61196, 1
###1, 128, 128, 65536, 128, 9.12943, 1
###1, 128, 128, 65536, 256, 17.9348, 1
###1, 128, 128, 65536, 512, 34.2766, 1
###1, 128, 128, 65536, 1024, 70.6756, 1
###1, 128, 128, 8, 32, 0.00164109, 2
###1, 128, 128, 8, 64, 0.00292593, 2
###1, 128, 128, 8, 128, 0.00556101, 2
###1, 128, 128, 8, 256, 0.0106772, 2
###1, 128, 128, 8, 512, 0.0211181, 2
###1, 128, 128, 8, 1024, 0.0416688, 2
###1, 128, 128, 16, 32, 0.00221838, 2
###1, 128, 128, 16, 64, 0.00407149, 2
###1, 128, 128, 16, 128, 0.00774131, 2
###1, 128, 128, 16, 256, 0.0151373, 2
###1, 128, 128, 16, 512, 0.0298489, 2
###1, 128, 128, 16, 1024, 0.0591263, 2
###1, 128, 128, 32, 32, 0.00339788, 2
###1, 128, 128, 32, 64, 0.00631674, 2
###1, 128, 128, 32, 128, 0.01223, 2
###1, 128, 128, 32, 256, 0.0238396, 2
###1, 128, 128, 32, 512, 0.0472751, 2
###1, 128, 128, 32, 1024, 0.0941891, 2
###1, 128, 128, 64, 32, 0.0057162, 2
###1, 128, 128, 64, 64, 0.0107528, 2
###1, 128, 128, 64, 128, 0.0210008, 2
###1, 128, 128, 64, 256, 0.0412002, 2
###1, 128, 128, 64, 512, 0.0820649, 2
###1, 128, 128, 64, 1024, 0.163129, 2
###1, 128, 128, 128, 32, 0.0112574, 2
###1, 128, 128, 128, 64, 0.0215482, 2
###1, 128, 128, 128, 128, 0.0423198, 2
###1, 128, 128, 128, 256, 0.0831425, 2
###1, 128, 128, 128, 512, 0.167204, 2
###1, 128, 128, 128, 1024, 0.330351, 2
###1, 128, 128, 256, 32, 0.0228392, 2
###1, 128, 128, 256, 64, 0.0437937, 2
###1, 128, 128, 256, 128, 0.0843537, 2
###1, 128, 128, 256, 256, 0.167309, 2
###1, 128, 128, 256, 512, 0.331438, 2
###1, 128, 128, 256, 1024, 0.660691, 2
###1, 128, 128, 512, 32, 0.0442814, 2
###1, 128, 128, 512, 64, 0.0849696, 2
###1, 128, 128, 512, 128, 0.164046, 2
###1, 128, 128, 512, 256, 0.324616, 2
###1, 128, 128, 512, 512, 0.646876, 2
###1, 128, 128, 512, 1024, 1.2866, 2
###1, 128, 128, 1024, 32, 0.0879762, 2
###1, 128, 128, 1024, 64, 0.167746, 2
###1, 128, 128, 1024, 128, 0.324658, 2
###1, 128, 128, 1024, 256, 0.64111, 2
###1, 128, 128, 1024, 512, 1.27988, 2
###1, 128, 128, 1024, 1024, 2.53473, 2
###1, 128, 128, 2048, 32, 0.174825, 2
###1, 128, 128, 2048, 64, 0.331912, 2
###1, 128, 128, 2048, 128, 0.642819, 2
###1, 128, 128, 2048, 256, 1.27178, 2
###1, 128, 128, 2048, 512, 2.52534, 2
###1, 128, 128, 2048, 1024, 5.04637, 2
###1, 128, 128, 4096, 32, 0.364671, 2
###1, 128, 128, 4096, 64, 0.69893, 2
###1, 128, 128, 4096, 128, 1.36893, 2
###1, 128, 128, 4096, 256, 2.71532, 2
###1, 128, 128, 4096, 512, 5.38863, 2
###1, 128, 128, 4096, 1024, 10.7676, 2
###1, 128, 128, 8192, 32, 0.821404, 2
###1, 128, 128, 8192, 64, 1.58056, 2
###1, 128, 128, 8192, 128, 3.10571, 2
###1, 128, 128, 8192, 256, 6.15862, 2
###1, 128, 128, 8192, 512, 12.2379, 2
###1, 128, 128, 8192, 1024, 24.4638, 2
###1, 128, 128, 16384, 32, 1.73186, 2
###1, 128, 128, 16384, 64, 3.3476, 2
###1, 128, 128, 16384, 128, 6.57544, 2
###1, 128, 128, 16384, 256, 13.0544, 2
###1, 128, 128, 16384, 512, 25.9683, 2
###1, 128, 128, 16384, 1024, 51.9143, 2
###1, 128, 128, 32768, 32, 2.90335, 2
###1, 128, 128, 32768, 64, 5.56442, 2
###1, 128, 128, 32768, 128, 10.8561, 2
###1, 128, 128, 32768, 256, 21.7453, 2
###1, 128, 128, 32768, 512, 43.2755, 2
###1, 128, 128, 32768, 1024, 85.3341, 2
###1, 128, 128, 65536, 32, 2.46159, 2
###1, 128, 128, 65536, 64, 4.55015, 2
###1, 128, 128, 65536, 128, 8.73478, 2
###1, 128, 128, 65536, 256, 17.0646, 2
###1, 128, 128, 65536, 512, 35.166, 2
###1, 128, 128, 65536, 1024, 67.1069, 2
###1, 128, 128, 8, 32, 0.0015822, 4
###1, 128, 128, 8, 64, 0.00283536, 4
###1, 128, 128, 8, 128, 0.00530502, 4
###1, 128, 128, 8, 256, 0.0103132, 4
###1, 128, 128, 8, 512, 0.0201319, 4
###1, 128, 128, 8, 1024, 0.0399152, 4
###1, 128, 128, 16, 32, 0.00208365, 4
###1, 128, 128, 16, 64, 0.00374355, 4
###1, 128, 128, 16, 128, 0.00708946, 4
###1, 128, 128, 16, 256, 0.0139015, 4
###1, 128, 128, 16, 512, 0.0274632, 4
###1, 128, 128, 16, 1024, 0.0545087, 4
###1, 128, 128, 32, 32, 0.00307591, 4
###1, 128, 128, 32, 64, 0.00564226, 4
###1, 128, 128, 32, 128, 0.0110064, 4
###1, 128, 128, 32, 256, 0.0211626, 4
###1, 128, 128, 32, 512, 0.0417081, 4
###1, 128, 128, 32, 1024, 0.0826148, 4
###1, 128, 128, 64, 32, 0.00516992, 4
###1, 128, 128, 64, 64, 0.00949628, 4
###1, 128, 128, 64, 128, 0.0181085, 4
###1, 128, 128, 64, 256, 0.0356545, 4
###1, 128, 128, 64, 512, 0.0717087, 4
###1, 128, 128, 64, 1024, 0.141029, 4
###1, 128, 128, 128, 32, 0.00956548, 4
###1, 128, 128, 128, 64, 0.0182269, 4
###1, 128, 128, 128, 128, 0.035433, 4
###1, 128, 128, 128, 256, 0.0704013, 4
###1, 128, 128, 128, 512, 0.139998, 4
###1, 128, 128, 128, 1024, 0.27883, 4
###1, 128, 128, 256, 32, 0.0192839, 4
###1, 128, 128, 256, 64, 0.0368853, 4
###1, 128, 128, 256, 128, 0.069814, 4
###1, 128, 128, 256, 256, 0.140394, 4
###1, 128, 128, 256, 512, 0.273342, 4
###1, 128, 128, 256, 1024, 0.54575, 4
###1, 128, 128, 512, 32, 0.0379703, 4
###1, 128, 128, 512, 64, 0.0719789, 4
###1, 128, 128, 512, 128, 0.136446, 4
###1, 128, 128, 512, 256, 0.273746, 4
###1, 128, 128, 512, 512, 0.540603, 4
###1, 128, 128, 512, 1024, 1.07988, 4
###1, 128, 128, 1024, 32, 0.0759808, 4
###1, 128, 128, 1024, 64, 0.141606, 4
###1, 128, 128, 1024, 128, 0.269703, 4
###1, 128, 128, 1024, 256, 0.531044, 4
###1, 128, 128, 1024, 512, 1.07174, 4
###1, 128, 128, 1024, 1024, 2.08633, 4
###1, 128, 128, 2048, 32, 0.148965, 4
###1, 128, 128, 2048, 64, 0.27582, 4
###1, 128, 128, 2048, 128, 0.541756, 4
###1, 128, 128, 2048, 256, 1.0659, 4
###1, 128, 128, 2048, 512, 2.10462, 4
###1, 128, 128, 2048, 1024, 4.21261, 4
###1, 128, 128, 4096, 32, 0.288663, 4
###1, 128, 128, 4096, 64, 0.53757, 4
###1, 128, 128, 4096, 128, 1.0489, 4
###1, 128, 128, 4096, 256, 2.06866, 4
###1, 128, 128, 4096, 512, 4.17143, 4
###1, 128, 128, 4096, 1024, 8.2858, 4
###1, 128, 128, 8192, 32, 0.64056, 4
###1, 128, 128, 8192, 64, 1.19143, 4
###1, 128, 128, 8192, 128, 2.39003, 4
###1, 128, 128, 8192, 256, 4.72355, 4
###1, 128, 128, 8192, 512, 9.39284, 4
###1, 128, 128, 8192, 1024, 18.7302, 4
###1, 128, 128, 16384, 32, 1.52147, 4
###1, 128, 128, 16384, 64, 2.93401, 4
###1, 128, 128, 16384, 128, 5.9137, 4
###1, 128, 128, 16384, 256, 11.693, 4
###1, 128, 128, 16384, 512, 22.7055, 4
###1, 128, 128, 16384, 1024, 45.3389, 4
###1, 128, 128, 32768, 32, 2.78901, 4
###1, 128, 128, 32768, 64, 5.33198, 4
###1, 128, 128, 32768, 128, 10.4278, 4
###1, 128, 128, 32768, 256, 20.6369, 4
###1, 128, 128, 32768, 512, 41.0697, 4
###1, 128, 128, 32768, 1024, 80.2212, 4
###1, 128, 128, 65536, 32, 2.46163, 4
###1, 128, 128, 65536, 64, 4.50341, 4
###1, 128, 128, 65536, 128, 8.60319, 4
###1, 128, 128, 65536, 256, 17.0442, 4
###1, 128, 128, 65536, 512, 33.6076, 4
###1, 128, 128, 65536, 1024, 66.9597, 4
###1, 128, 128, 8, 32, 0.00171038, 8
###1, 128, 128, 8, 64, 0.0030192, 8
###1, 128, 128, 8, 128, 0.00563333, 8
###1, 128, 128, 8, 256, 0.0110938, 8
###1, 128, 128, 8, 512, 0.0216847, 8
###1, 128, 128, 8, 1024, 0.0428497, 8
###1, 128, 128, 16, 32, 0.00215764, 8
###1, 128, 128, 16, 64, 0.00379892, 8
###1, 128, 128, 16, 128, 0.00735474, 8
###1, 128, 128, 16, 256, 0.0139132, 8
###1, 128, 128, 16, 512, 0.0273865, 8
###1, 128, 128, 16, 1024, 0.054404, 8
###1, 128, 128, 32, 32, 0.00291106, 8
###1, 128, 128, 32, 64, 0.005341, 8
###1, 128, 128, 32, 128, 0.0102801, 8
###1, 128, 128, 32, 256, 0.0198088, 8
###1, 128, 128, 32, 512, 0.0391181, 8
###1, 128, 128, 32, 1024, 0.0770176, 8
###1, 128, 128, 64, 32, 0.00463694, 8
###1, 128, 128, 64, 64, 0.00876076, 8
###1, 128, 128, 64, 128, 0.0169099, 8
###1, 128, 128, 64, 256, 0.0325374, 8
###1, 128, 128, 64, 512, 0.0656473, 8
###1, 128, 128, 64, 1024, 0.129766, 8
###1, 128, 128, 128, 32, 0.00864431, 8
###1, 128, 128, 128, 64, 0.0163294, 8
###1, 128, 128, 128, 128, 0.0321933, 8
###1, 128, 128, 128, 256, 0.0620354, 8
###1, 128, 128, 128, 512, 0.124355, 8
###1, 128, 128, 128, 1024, 0.249688, 8
###1, 128, 128, 256, 32, 0.0171088, 8
###1, 128, 128, 256, 64, 0.0321044, 8
###1, 128, 128, 256, 128, 0.0617256, 8
###1, 128, 128, 256, 256, 0.121913, 8
###1, 128, 128, 256, 512, 0.239828, 8
###1, 128, 128, 256, 1024, 0.476297, 8
###1, 128, 128, 512, 32, 0.0332414, 8
###1, 128, 128, 512, 64, 0.0634493, 8
###1, 128, 128, 512, 128, 0.120593, 8
###1, 128, 128, 512, 256, 0.236955, 8
###1, 128, 128, 512, 512, 0.470165, 8
###1, 128, 128, 512, 1024, 0.924114, 8
###1, 128, 128, 1024, 32, 0.066215, 8
###1, 128, 128, 1024, 64, 0.124198, 8
###1, 128, 128, 1024, 128, 0.237727, 8
###1, 128, 128, 1024, 256, 0.471285, 8
###1, 128, 128, 1024, 512, 0.917824, 8
###1, 128, 128, 1024, 1024, 1.80918, 8
###1, 128, 128, 2048, 32, 0.131707, 8
###1, 128, 128, 2048, 64, 0.244994, 8
###1, 128, 128, 2048, 128, 0.472503, 8
###1, 128, 128, 2048, 256, 0.925188, 8
###1, 128, 128, 2048, 512, 1.82368, 8
###1, 128, 128, 2048, 1024, 3.66975, 8
###1, 128, 128, 4096, 32, 0.250417, 8
###1, 128, 128, 4096, 64, 0.478087, 8
###1, 128, 128, 4096, 128, 0.921582, 8
###1, 128, 128, 4096, 256, 1.81232, 8
###1, 128, 128, 4096, 512, 3.58477, 8
###1, 128, 128, 4096, 1024, 7.10586, 8
###1, 128, 128, 8192, 32, 0.499822, 8
###1, 128, 128, 8192, 64, 0.937225, 8
###1, 128, 128, 8192, 128, 1.82306, 8
###1, 128, 128, 8192, 256, 3.61377, 8
###1, 128, 128, 8192, 512, 7.09035, 8
###1, 128, 128, 8192, 1024, 14.2303, 8
###1, 128, 128, 16384, 32, 1.15798, 8
###1, 128, 128, 16384, 64, 2.25802, 8
###1, 128, 128, 16384, 128, 4.28779, 8
###1, 128, 128, 16384, 256, 8.47501, 8
###1, 128, 128, 16384, 512, 17.2323, 8
###1, 128, 128, 16384, 1024, 34.4416, 8
###1, 128, 128, 32768, 32, 2.49336, 8
###1, 128, 128, 32768, 64, 4.74629, 8
###1, 128, 128, 32768, 128, 9.26594, 8
###1, 128, 128, 32768, 256, 17.8625, 8
###1, 128, 128, 32768, 512, 35.445, 8
###1, 128, 128, 32768, 1024, 72.272, 8
###1, 128, 128, 65536, 32, 2.31862, 8
###1, 128, 128, 65536, 64, 4.35922, 8
###1, 128, 128, 65536, 128, 8.3072, 8
###1, 128, 128, 65536, 256, 15.8326, 8
###1, 128, 128, 65536, 512, 32.0473, 8
###1, 128, 128, 65536, 1024, 63.69, 8
###1, 128, 128, 8, 32, 0.00210106, 16
###1, 128, 128, 8, 64, 0.00372608, 16
###1, 128, 128, 8, 128, 0.00701687, 16
###1, 128, 128, 8, 256, 0.0137921, 16
###1, 128, 128, 8, 512, 0.026748, 16
###1, 128, 128, 8, 1024, 0.0528836, 16
###1, 128, 128, 16, 32, 0.00262257, 16
###1, 128, 128, 16, 64, 0.00469198, 16
###1, 128, 128, 16, 128, 0.00891864, 16
###1, 128, 128, 16, 256, 0.0171843, 16
###1, 128, 128, 16, 512, 0.0340432, 16
###1, 128, 128, 16, 1024, 0.0678595, 16
###1, 128, 128, 32, 32, 0.00341641, 16
###1, 128, 128, 32, 64, 0.00631719, 16
###1, 128, 128, 32, 128, 0.0121488, 16
###1, 128, 128, 32, 256, 0.0235495, 16
###1, 128, 128, 32, 512, 0.0463454, 16
###1, 128, 128, 32, 1024, 0.0917911, 16
###1, 128, 128, 64, 32, 0.00502415, 16
###1, 128, 128, 64, 64, 0.00912033, 16
###1, 128, 128, 64, 128, 0.0178675, 16
###1, 128, 128, 64, 256, 0.0344737, 16
###1, 128, 128, 64, 512, 0.0682295, 16
###1, 128, 128, 64, 1024, 0.136328, 16
###1, 128, 128, 128, 32, 0.00821348, 16
###1, 128, 128, 128, 64, 0.0156879, 16
###1, 128, 128, 128, 128, 0.0304174, 16
###1, 128, 128, 128, 256, 0.0587552, 16
###1, 128, 128, 128, 512, 0.117325, 16
###1, 128, 128, 128, 1024, 0.232274, 16
###1, 128, 128, 256, 32, 0.0159875, 16
###1, 128, 128, 256, 64, 0.0299669, 16
###1, 128, 128, 256, 128, 0.0574964, 16
###1, 128, 128, 256, 256, 0.11311, 16
###1, 128, 128, 256, 512, 0.221343, 16
###1, 128, 128, 256, 1024, 0.445178, 16
###1, 128, 128, 512, 32, 0.0307021, 16
###1, 128, 128, 512, 64, 0.0570497, 16
###1, 128, 128, 512, 128, 0.111299, 16
###1, 128, 128, 512, 256, 0.21499, 16
###1, 128, 128, 512, 512, 0.425103, 16
###1, 128, 128, 512, 1024, 0.856069, 16
###1, 128, 128, 1024, 32, 0.0607681, 16
###1, 128, 128, 1024, 64, 0.113328, 16
###1, 128, 128, 1024, 128, 0.216411, 16
###1, 128, 128, 1024, 256, 0.418869, 16
###1, 128, 128, 1024, 512, 0.831831, 16
###1, 128, 128, 1024, 1024, 1.67067, 16
###1, 128, 128, 2048, 32, 0.121075, 16
###1, 128, 128, 2048, 64, 0.222602, 16
###1, 128, 128, 2048, 128, 0.438034, 16
###1, 128, 128, 2048, 256, 0.830941, 16
###1, 128, 128, 2048, 512, 1.64801, 16
###1, 128, 128, 2048, 1024, 3.27665, 16
###1, 128, 128, 4096, 32, 0.232532, 16
###1, 128, 128, 4096, 64, 0.436238, 16
###1, 128, 128, 4096, 128, 0.839885, 16
###1, 128, 128, 4096, 256, 1.65765, 16
###1, 128, 128, 4096, 512, 3.26675, 16
###1, 128, 128, 4096, 1024, 6.61326, 16
###1, 128, 128, 8192, 32, 0.459145, 16
###1, 128, 128, 8192, 64, 0.853131, 16
###1, 128, 128, 8192, 128, 1.65331, 16
###1, 128, 128, 8192, 256, 3.30826, 16
###1, 128, 128, 8192, 512, 6.44767, 16
###1, 128, 128, 8192, 1024, 12.8626, 16
###1, 128, 128, 16384, 32, 0.909308, 16
###1, 128, 128, 16384, 64, 1.69802, 16
###1, 128, 128, 16384, 128, 3.33393, 16
###1, 128, 128, 16384, 256, 6.46549, 16
###1, 128, 128, 16384, 512, 12.754, 16
###1, 128, 128, 16384, 1024, 25.5974, 16
###1, 128, 128, 32768, 32, 1.88522, 16
###1, 128, 128, 32768, 64, 3.45961, 16
###1, 128, 128, 32768, 128, 6.67138, 16
###1, 128, 128, 32768, 256, 13.1429, 16
###1, 128, 128, 32768, 512, 25.9954, 16
###1, 128, 128, 32768, 1024, 51.7913, 16
###1, 128, 128, 65536, 32, 2.10181, 16
###1, 128, 128, 65536, 64, 3.81816, 16
###1, 128, 128, 65536, 128, 7.23713, 16
###1, 128, 128, 65536, 256, 14.4113, 16
###1, 128, 128, 65536, 512, 28.4682, 16
###1, 128, 128, 65536, 1024, 56.5029, 16
###1, 128, 128, 8, 32, 0.0027394, 32
###1, 128, 128, 8, 64, 0.00495946, 32
###1, 128, 128, 8, 128, 0.00941372, 32
###1, 128, 128, 8, 256, 0.0185331, 32
###1, 128, 128, 8, 512, 0.0364063, 32
###1, 128, 128, 8, 1024, 0.0721176, 32
###1, 128, 128, 16, 32, 0.00336668, 32
###1, 128, 128, 16, 64, 0.00597678, 32
###1, 128, 128, 16, 128, 0.0137734, 32
###1, 128, 128, 16, 256, 0.0222913, 32
###1, 128, 128, 16, 512, 0.043741, 32
###1, 128, 128, 16, 1024, 0.0867321, 32
###1, 128, 128, 32, 32, 0.00479395, 32
###1, 128, 128, 32, 64, 0.0079266, 32
###1, 128, 128, 32, 128, 0.0151664, 32
###1, 128, 128, 32, 256, 0.0291031, 32
###1, 128, 128, 32, 512, 0.057613, 32
###1, 128, 128, 32, 1024, 0.113594, 32
###1, 128, 128, 64, 32, 0.00603957, 32
###1, 128, 128, 64, 64, 0.0133571, 32
###1, 128, 128, 64, 128, 0.0211751, 32
###1, 128, 128, 64, 256, 0.041253, 32
###1, 128, 128, 64, 512, 0.0817808, 32
###1, 128, 128, 64, 1024, 0.159983, 32
###1, 128, 128, 128, 32, 0.00909818, 32
###1, 128, 128, 128, 64, 0.0172977, 32
###1, 128, 128, 128, 128, 0.0329936, 32
###1, 128, 128, 128, 256, 0.0665503, 32
###1, 128, 128, 128, 512, 0.12856, 32
###1, 128, 128, 128, 1024, 0.253231, 32
###1, 128, 128, 256, 32, 0.0166904, 32
###1, 128, 128, 256, 64, 0.0301299, 32
###1, 128, 128, 256, 128, 0.0579401, 32
###1, 128, 128, 256, 256, 0.113189, 32
###1, 128, 128, 256, 512, 0.223004, 32
###1, 128, 128, 256, 1024, 0.440009, 32
###1, 128, 128, 512, 32, 0.0302788, 32
###1, 128, 128, 512, 64, 0.0550278, 32
###1, 128, 128, 512, 128, 0.106791, 32
###1, 128, 128, 512, 256, 0.205766, 32
###1, 128, 128, 512, 512, 0.414338, 32
###1, 128, 128, 512, 1024, 0.810298, 32
###1, 128, 128, 1024, 32, 0.0588997, 32
###1, 128, 128, 1024, 64, 0.108215, 32
###1, 128, 128, 1024, 128, 0.20743, 32
###1, 128, 128, 1024, 256, 0.408088, 32
###1, 128, 128, 1024, 512, 0.788158, 32
###1, 128, 128, 1024, 1024, 1.59604, 32
###1, 128, 128, 2048, 32, 0.11492, 32
###1, 128, 128, 2048, 64, 0.215468, 32
###1, 128, 128, 2048, 128, 0.405378, 32
###1, 128, 128, 2048, 256, 0.786985, 32
###1, 128, 128, 2048, 512, 1.54584, 32
###1, 128, 128, 2048, 1024, 3.17461, 32
###1, 128, 128, 4096, 32, 0.222298, 32
###1, 128, 128, 4096, 64, 0.415815, 32
###1, 128, 128, 4096, 128, 0.79168, 32
###1, 128, 128, 4096, 256, 1.56512, 32
###1, 128, 128, 4096, 512, 3.10887, 32
###1, 128, 128, 4096, 1024, 6.20153, 32
###1, 128, 128, 8192, 32, 0.440444, 32
###1, 128, 128, 8192, 64, 0.823509, 32
###1, 128, 128, 8192, 128, 1.58904, 32
###1, 128, 128, 8192, 256, 3.09644, 32
###1, 128, 128, 8192, 512, 6.18374, 32
###1, 128, 128, 8192, 1024, 12.2254, 32
###1, 128, 128, 16384, 32, 0.861326, 32
###1, 128, 128, 16384, 64, 1.61146, 32
###1, 128, 128, 16384, 128, 3.18678, 32
###1, 128, 128, 16384, 256, 6.10713, 32
###1, 128, 128, 16384, 512, 12.1149, 32
###1, 128, 128, 16384, 1024, 24.1258, 32
###1, 128, 128, 32768, 32, 1.45605, 32
###1, 128, 128, 32768, 64, 2.65992, 32
###1, 128, 128, 32768, 128, 5.05184, 32
###1, 128, 128, 32768, 256, 9.95189, 32
###1, 128, 128, 32768, 512, 19.6655, 32
###1, 128, 128, 32768, 1024, 39.009, 32
###1, 128, 128, 65536, 32, 1.6703, 32
###1, 128, 128, 65536, 64, 2.97387, 32
###1, 128, 128, 65536, 128, 5.49498, 32
###1, 128, 128, 65536, 256, 10.7381, 32
###1, 128, 128, 65536, 512, 21.0636, 32
###1, 128, 128, 65536, 1024, 41.2024, 32
###1, 128, 128, 8, 32, 0.00421366, 64
###1, 128, 128, 8, 64, 0.0075794, 64
###1, 128, 128, 8, 128, 0.0144103, 64
###1, 128, 128, 8, 256, 0.0281807, 64
###1, 128, 128, 8, 512, 0.0553842, 64
###1, 128, 128, 8, 1024, 0.110252, 64
###1, 128, 128, 16, 32, 0.00467798, 64
###1, 128, 128, 16, 64, 0.00861264, 64
###1, 128, 128, 16, 128, 0.0165683, 64
###1, 128, 128, 16, 256, 0.0318693, 64
###1, 128, 128, 16, 512, 0.0622814, 64
###1, 128, 128, 16, 1024, 0.125217, 64
###1, 128, 128, 32, 32, 0.005632, 64
###1, 128, 128, 32, 64, 0.0103967, 64
###1, 128, 128, 32, 128, 0.0198616, 64
###1, 128, 128, 32, 256, 0.0393772, 64
###1, 128, 128, 32, 512, 0.0780326, 64
###1, 128, 128, 32, 1024, 0.152525, 64
###1, 128, 128, 64, 32, 0.00768161, 64
###1, 128, 128, 64, 64, 0.0141093, 64
###1, 128, 128, 64, 128, 0.0270931, 64
###1, 128, 128, 64, 256, 0.053376, 64
###1, 128, 128, 64, 512, 0.105688, 64
###1, 128, 128, 64, 1024, 0.207849, 64
###1, 128, 128, 128, 32, 0.0132291, 64
###1, 128, 128, 128, 64, 0.0207238, 64
###1, 128, 128, 128, 128, 0.0394462, 64
###1, 128, 128, 128, 256, 0.0759184, 64
###1, 128, 128, 128, 512, 0.156265, 64
###1, 128, 128, 128, 1024, 0.300281, 64
###1, 128, 128, 256, 32, 0.018245, 64
###1, 128, 128, 256, 64, 0.0335475, 64
###1, 128, 128, 256, 128, 0.0643667, 64
###1, 128, 128, 256, 256, 0.124456, 64
###1, 128, 128, 256, 512, 0.246858, 64
###1, 128, 128, 256, 1024, 0.615325, 64
###1, 128, 128, 512, 32, 0.0319606, 64
###1, 128, 128, 512, 64, 0.0725228, 64
###1, 128, 128, 512, 128, 0.112191, 64
###1, 128, 128, 512, 256, 0.218534, 64
###1, 128, 128, 512, 512, 0.439499, 64
###1, 128, 128, 512, 1024, 0.859389, 64
###1, 128, 128, 1024, 32, 0.0605251, 64
###1, 128, 128, 1024, 64, 0.110091, 64
###1, 128, 128, 1024, 128, 0.209014, 64
###1, 128, 128, 1024, 256, 0.419906, 64
###1, 128, 128, 1024, 512, 0.809031, 64
###1, 128, 128, 1024, 1024, 1.61456, 64
###1, 128, 128, 2048, 32, 0.114554, 64
###1, 128, 128, 2048, 64, 0.211069, 64
###1, 128, 128, 2048, 128, 0.397868, 64
###1, 128, 128, 2048, 256, 0.79012, 64
###1, 128, 128, 2048, 512, 1.55103, 64
###1, 128, 128, 2048, 1024, 3.12432, 64
###1, 128, 128, 4096, 32, 0.216385, 64
###1, 128, 128, 4096, 64, 0.40479, 64
###1, 128, 128, 4096, 128, 0.778117, 64
###1, 128, 128, 4096, 256, 1.54337, 64
###1, 128, 128, 4096, 512, 3.01108, 64
###1, 128, 128, 4096, 1024, 5.97163, 64
###1, 128, 128, 8192, 32, 0.429705, 64
###1, 128, 128, 8192, 64, 0.800873, 64
###1, 128, 128, 8192, 128, 1.53877, 64
###1, 128, 128, 8192, 256, 2.9831, 64
###1, 128, 128, 8192, 512, 5.9923, 64
###1, 128, 128, 8192, 1024, 11.7428, 64
###1, 128, 128, 16384, 32, 0.847985, 64
###1, 128, 128, 16384, 64, 1.59884, 64
###1, 128, 128, 16384, 128, 3.08836, 64
###1, 128, 128, 16384, 256, 6.04503, 64
###1, 128, 128, 16384, 512, 11.8224, 64
###1, 128, 128, 16384, 1024, 23.8449, 64
###1, 128, 128, 32768, 32, 1.41455, 64
###1, 128, 128, 32768, 64, 2.59746, 64
###1, 128, 128, 32768, 128, 4.96756, 64
###1, 128, 128, 32768, 256, 9.61739, 64
###1, 128, 128, 32768, 512, 18.8591, 64
###1, 128, 128, 32768, 1024, 37.6116, 64
###1, 128, 128, 65536, 32, 1.35667, 64
###1, 128, 128, 65536, 64, 2.34036, 64
###1, 128, 128, 65536, 128, 4.25627, 64
###1, 128, 128, 65536, 256, 8.0613, 64
###1, 128, 128, 65536, 512, 15.7808, 64
###1, 128, 128, 65536, 1024, 31.1541, 64
###1, 128, 128, 8, 32, 0.00689706, 128
###1, 128, 128, 8, 64, 0.0126639, 128
###1, 128, 128, 8, 128, 0.0243678, 128
###1, 128, 128, 8, 256, 0.0474791, 128
###1, 128, 128, 8, 512, 0.094286, 128
###1, 128, 128, 8, 1024, 0.186414, 128
###1, 128, 128, 16, 32, 0.0074783, 128
###1, 128, 128, 16, 64, 0.0136891, 128
###1, 128, 128, 16, 128, 0.0265172, 128
###1, 128, 128, 16, 256, 0.051295, 128
###1, 128, 128, 16, 512, 0.101836, 128
###1, 128, 128, 16, 1024, 0.201951, 128
###1, 128, 128, 32, 32, 0.00847156, 128
###1, 128, 128, 32, 64, 0.0155898, 128
###1, 128, 128, 32, 128, 0.0299086, 128
###1, 128, 128, 32, 256, 0.0583561, 128
###1, 128, 128, 32, 512, 0.115469, 128
###1, 128, 128, 32, 1024, 0.230291, 128
###1, 128, 128, 64, 32, 0.0104309, 128
###1, 128, 128, 64, 64, 0.0194198, 128
###1, 128, 128, 64, 128, 0.0370475, 128
###1, 128, 128, 64, 256, 0.0730441, 128
###1, 128, 128, 64, 512, 0.144432, 128
###1, 128, 128, 64, 1024, 0.286184, 128
###1, 128, 128, 128, 32, 0.0143019, 128
###1, 128, 128, 128, 64, 0.0270831, 128
###1, 128, 128, 128, 128, 0.0521367, 128
###1, 128, 128, 128, 256, 0.103017, 128
###1, 128, 128, 128, 512, 0.202881, 128
###1, 128, 128, 128, 1024, 0.402586, 128
###1, 128, 128, 256, 32, 0.0219093, 128
###1, 128, 128, 256, 64, 0.0400672, 128
###1, 128, 128, 256, 128, 0.0771807, 128
###1, 128, 128, 256, 256, 0.152346, 128
###1, 128, 128, 256, 512, 0.295557, 128
###1, 128, 128, 256, 1024, 0.590983, 128
###1, 128, 128, 512, 32, 0.0357119, 128
###1, 128, 128, 512, 64, 0.0663777, 128
###1, 128, 128, 512, 128, 0.125682, 128
###1, 128, 128, 512, 256, 0.251548, 128
###1, 128, 128, 512, 512, 0.487071, 128
###1, 128, 128, 512, 1024, 0.977864, 128
###1, 128, 128, 1024, 32, 0.064059, 128
###1, 128, 128, 1024, 64, 0.145501, 128
###1, 128, 128, 1024, 128, 0.22421, 128
###1, 128, 128, 1024, 256, 0.453694, 128
###1, 128, 128, 1024, 512, 0.8777, 128
###1, 128, 128, 1024, 1024, 1.73054, 128
###1, 128, 128, 2048, 32, 0.122122, 128
###1, 128, 128, 2048, 64, 0.219539, 128
###1, 128, 128, 2048, 128, 0.421564, 128
###1, 128, 128, 2048, 256, 0.81362, 128
###1, 128, 128, 2048, 512, 1.6128, 128
###1, 128, 128, 2048, 1024, 3.24706, 128
###1, 128, 128, 4096, 32, 0.217279, 128
###1, 128, 128, 4096, 64, 0.416018, 128
###1, 128, 128, 4096, 128, 0.789205, 128
###1, 128, 128, 4096, 256, 1.52908, 128
###1, 128, 128, 4096, 512, 3.07011, 128
###1, 128, 128, 4096, 1024, 6.10221, 128
###1, 128, 128, 8192, 32, 0.435961, 128
###1, 128, 128, 8192, 64, 0.7858, 128
###1, 128, 128, 8192, 128, 1.52559, 128
###1, 128, 128, 8192, 256, 2.96658, 128
###1, 128, 128, 8192, 512, 5.92719, 128
###1, 128, 128, 8192, 1024, 11.7543, 128
###1, 128, 128, 16384, 32, 0.844491, 128
###1, 128, 128, 16384, 64, 1.56319, 128
###1, 128, 128, 16384, 128, 3.00171, 128
###1, 128, 128, 16384, 256, 5.95131, 128
###1, 128, 128, 16384, 512, 11.7765, 128
###1, 128, 128, 16384, 1024, 23.4869, 128
###1, 128, 128, 32768, 32, 1.40812, 128
###1, 128, 128, 32768, 64, 2.56921, 128
###1, 128, 128, 32768, 128, 4.96505, 128
###1, 128, 128, 32768, 256, 9.57311, 128
###1, 128, 128, 32768, 512, 19.102, 128
###1, 128, 128, 32768, 1024, 37.6931, 128
###1, 128, 128, 65536, 32, 1.34104, 128
###1, 128, 128, 65536, 64, 2.3133, 128
###1, 128, 128, 65536, 128, 4.36833, 128
###1, 128, 128, 65536, 256, 8.25061, 128
###1, 128, 128, 65536, 512, 16.2649, 128
###1, 128, 128, 65536, 1024, 31.8891, 128
###1, 128, 128, 8, 32, 0.0125014, 256
###1, 128, 128, 8, 64, 0.0231459, 256
###1, 128, 128, 8, 128, 0.0443917, 256
###1, 128, 128, 8, 256, 0.0862939, 256
###1, 128, 128, 8, 512, 0.170087, 256
###1, 128, 128, 8, 1024, 0.340725, 256
###1, 128, 128, 16, 32, 0.0129559, 256
###1, 128, 128, 16, 64, 0.024067, 256
###1, 128, 128, 16, 128, 0.0461754, 256
###1, 128, 128, 16, 256, 0.0900937, 256
###1, 128, 128, 16, 512, 0.220919, 256
###1, 128, 128, 16, 1024, 0.353039, 256
###1, 128, 128, 32, 32, 0.0142099, 256
###1, 128, 128, 32, 64, 0.0260466, 256
###1, 128, 128, 32, 128, 0.0498586, 256
###1, 128, 128, 32, 256, 0.0970496, 256
###1, 128, 128, 32, 512, 0.236405, 256
###1, 128, 128, 32, 1024, 0.381526, 256
###1, 128, 128, 64, 32, 0.0159207, 256
###1, 128, 128, 64, 64, 0.0296582, 256
###1, 128, 128, 64, 128, 0.0572453, 256
###1, 128, 128, 64, 256, 0.113179, 256
###1, 128, 128, 64, 512, 0.222273, 256
###1, 128, 128, 64, 1024, 0.443264, 256
###1, 128, 128, 128, 32, 0.0199327, 256
###1, 128, 128, 128, 64, 0.0381347, 256
###1, 128, 128, 128, 128, 0.0886787, 256
###1, 128, 128, 128, 256, 0.141207, 256
###1, 128, 128, 128, 512, 0.281985, 256
###1, 128, 128, 128, 1024, 0.555352, 256
###1, 128, 128, 256, 32, 0.0292612, 256
###1, 128, 128, 256, 64, 0.0550531, 256
###1, 128, 128, 256, 128, 0.104978, 256
###1, 128, 128, 256, 256, 0.204369, 256
###1, 128, 128, 256, 512, 0.40287, 256
###1, 128, 128, 256, 1024, 0.800953, 256
###1, 128, 128, 512, 32, 0.0429224, 256
###1, 128, 128, 512, 64, 0.0800793, 256
###1, 128, 128, 512, 128, 0.150044, 256
###1, 128, 128, 512, 256, 0.303738, 256
###1, 128, 128, 512, 512, 0.585138, 256
###1, 128, 128, 512, 1024, 1.16618, 256
###1, 128, 128, 1024, 32, 0.0714999, 256
###1, 128, 128, 1024, 64, 0.131777, 256
###1, 128, 128, 1024, 128, 0.250919, 256
###1, 128, 128, 1024, 256, 0.499585, 256
###1, 128, 128, 1024, 512, 0.973902, 256
###1, 128, 128, 1024, 1024, 1.96859, 256
###1, 128, 128, 2048, 32, 0.127802, 256
###1, 128, 128, 2048, 64, 0.241386, 256
###1, 128, 128, 2048, 128, 0.45013, 256
###1, 128, 128, 2048, 256, 0.888338, 256
###1, 128, 128, 2048, 512, 1.76486, 256
###1, 128, 128, 2048, 1024, 3.52279, 256
###1, 128, 128, 4096, 32, 0.228425, 256
###1, 128, 128, 4096, 64, 0.427599, 256
###1, 128, 128, 4096, 128, 0.821447, 256
###1, 128, 128, 4096, 256, 1.62039, 256
###1, 128, 128, 4096, 512, 3.20254, 256
###1, 128, 128, 4096, 1024, 6.59673, 256
###1, 128, 128, 8192, 32, 0.446386, 256
###1, 128, 128, 8192, 64, 0.811214, 256
###1, 128, 128, 8192, 128, 1.57206, 256
###1, 128, 128, 8192, 256, 3.07797, 256
###1, 128, 128, 8192, 512, 6.12291, 256
###1, 128, 128, 8192, 1024, 12.2529, 256
###1, 128, 128, 16384, 32, 0.863007, 256
###1, 128, 128, 16384, 64, 1.59655, 256
###1, 128, 128, 16384, 128, 3.02451, 256
###1, 128, 128, 16384, 256, 5.94893, 256
###1, 128, 128, 16384, 512, 11.7978, 256
###1, 128, 128, 16384, 1024, 23.279, 256
###1, 128, 128, 32768, 32, 1.40832, 256
###1, 128, 128, 32768, 64, 2.58026, 256
###1, 128, 128, 32768, 128, 4.86811, 256
###1, 128, 128, 32768, 256, 9.49973, 256
###1, 128, 128, 32768, 512, 18.9847, 256
###1, 128, 128, 32768, 1024, 37.2599, 256
###1, 128, 128, 65536, 32, 1.35133, 256
###1, 128, 128, 65536, 64, 2.33035, 256
###1, 128, 128, 65536, 128, 4.42056, 256
###1, 128, 128, 65536, 256, 8.57546, 256
###1, 128, 128, 65536, 512, 16.8376, 256
###1, 128, 128, 65536, 1024, 33.0701, 256
