---------------------------------------------------------------------------------------------
Weak scaling runs
---------------------------------------------------------------------------------------------

nz =  60, ny =  60, nx =  60; iter = 1020, ranks =   6 // Elapsed time for work =    3.5812 s
nz =  60, ny =  60, nx =  60; iter = 1020, ranks =   6 // Elapsed time for work =    3.5497 s
nz =  60, ny =  60, nx =  60; iter = 1020, ranks =   6 // Elapsed time for work =    3.6035 s

nz =  60, ny = 120, nx = 120; iter = 1020, ranks =  24 // Elapsed time for work =    3.8022 s
nz =  60, ny = 120, nx = 120; iter = 1020, ranks =  24 // Elapsed time for work =    3.8101 s
nz =  60, ny = 120, nx = 120; iter = 1020, ranks =  24 // Elapsed time for work =    3.7509 s

nz =  60, ny = 180, nx = 180; iter = 1020, ranks =  54 // Elapsed time for work =    4.1305 s
nz =  60, ny = 180, nx = 180; iter = 1020, ranks =  54 // Elapsed time for work =    4.0382 s
nz =  60, ny = 180, nx = 180; iter = 1020, ranks =  54 // Elapsed time for work =    4.0179 s

nz =  60, ny = 240, nx = 240; iter = 1020, ranks =  96 // Elapsed time for work =    5.5468 s
nz =  60, ny = 240, nx = 240; iter = 1020, ranks =  96 // Elapsed time for work =    5.4223 s
nz =  60, ny = 240, nx = 240; iter = 1020, ranks =  96 // Elapsed time for work =    5.4838 s

nz =  60, ny = 300, nx = 300; iter = 1020, ranks = 150 // Elapsed time for work =    9.0372 s
nz =  60, ny = 300, nx = 300; iter = 1020, ranks = 150 // Elapsed time for work =    8.9520 s
nz =  60, ny = 300, nx = 300; iter = 1020, ranks = 150 // Elapsed time for work =    8.8788 s

nz =  60, ny = 360, nx = 360; iter = 1020, ranks = 216 // Elapsed time for work =   17.0343 s
nz =  60, ny = 360, nx = 360; iter = 1020, ranks = 216 // Elapsed time for work =   16.9151 s
nz =  60, ny = 360, nx = 360; iter = 1020, ranks = 216 // Elapsed time for work =   16.9942 s

---------------------------------------------------------------------------------------------

nz =  60, ny = 120, nx = 120; iter = 1020, ranks =   6 // Elapsed time for work =   13.7920 s
nz =  60, ny = 120, nx = 120; iter = 1020, ranks =   6 // Elapsed time for work =   13.7950 s
nz =  60, ny = 120, nx = 120; iter = 1020, ranks =   6 // Elapsed time for work =   13.6127 s

nz =  60, ny = 240, nx = 240; iter = 1020, ranks =  24 // Elapsed time for work =   17.5197 s
nz =  60, ny = 240, nx = 240; iter = 1020, ranks =  24 // Elapsed time for work =   17.3794 s
nz =  60, ny = 240, nx = 240; iter = 1020, ranks =  24 // Elapsed time for work =   17.4425 s

nz =  60, ny = 360, nx = 360; iter = 1020, ranks =  54 // Elapsed time for work =   24.9153 s
nz =  60, ny = 360, nx = 360; iter = 1020, ranks =  54 // Elapsed time for work =   25.4339 s
nz =  60, ny = 360, nx = 360; iter = 1020, ranks =  54 // Elapsed time for work =   25.2660 s

nz =  60, ny = 480, nx = 480; iter = 1020, ranks =  96 // Elapsed time for work =   38.5301 s
nz =  60, ny = 480, nx = 480; iter = 1020, ranks =  96 // Elapsed time for work =   38.5549 s
nz =  60, ny = 480, nx = 480; iter = 1020, ranks =  96 // Elapsed time for work =   38.5765 s

nz =  60, ny = 600, nx = 600; iter = 1020, ranks = 150 // Elapsed time for work =   54.1620 s
nz =  60, ny = 600, nx = 600; iter = 1020, ranks = 150 // Elapsed time for work =   54.1617 s
nz =  60, ny = 600, nx = 600; iter = 1020, ranks = 150 // Elapsed time for work =   54.2084 s

nz =  60, ny = 720, nx = 720; iter = 1020, ranks = 216 // Elapsed time for work =   70.9514 s
nz =  60, ny = 720, nx = 720; iter = 1020, ranks = 216 // Elapsed time for work =   70.9484 s
nz =  60, ny = 720, nx = 720; iter = 1020, ranks = 216 // Elapsed time for work =   70.8756 s

---------------------------------------------------------------------------------------------

